This is pdfTeX, Version 3.1415926-1.40.11 (Web2C 2010) (format=pdflatex 2011.7.5)  19 NOV 2012 10:12
entering extended mode
 restricted \write18 enabled.
 %&-line parsing enabled.
**report_f.tex
(./report_f.tex
LaTeX2e <2009/09/24>
Babel <v3.8l> and hyphenation patterns for english, dumylang, nohyphenation, ge
rman-x-2009-06-19, ngerman-x-2009-06-19, afrikaans, ancientgreek, ibycus, arabi
c, armenian, basque, bulgarian, catalan, pinyin, coptic, croatian, czech, danis
h, dutch, ukenglish, usenglishmax, esperanto, estonian, ethiopic, farsi, finnis
h, french, galician, german, ngerman, swissgerman, monogreek, greek, hungarian,
 icelandic, assamese, bengali, gujarati, hindi, kannada, malayalam, marathi, or
iya, panjabi, tamil, telugu, indonesian, interlingua, irish, italian, kurmanji,
 lao, latin, latvian, lithuanian, mongolian, mongolianlmc, bokmal, nynorsk, pol
ish, portuguese, romanian, russian, sanskrit, serbian, slovak, slovenian, spani
sh, swedish, turkish, turkmen, ukrainian, uppersorbian, welsh, loaded.
(c:/texlive/2010/texmf-dist/tex/latex/revtex4/revtex4.cls
Document Class: revtex4 2001/08/02 v4.0 (http://publish.aps.org/revtex4/ for do
cumentation)
 Copyright (c) 2001 The American Physical Society.
 mailto:revtex@aps.org
 Licensed under the LPPL:
http://www.ctan.org/tex-archive/macros/latex/base/lppl.txt
 Arthur Ogawa <ogawa@teleport.com>
 Based on work by David Carlisle <david@dcarlisle.demon.co.uk>.
ltxutil: portions licensed from W. E. Baxter (web@superscript.com)
Class revtex4 Info: Repairing broken LateX \@sect on input line 596.
\intertabularlinepenalty=\count79
\@tbpen=\count80
\@arstrutbox@hline=\box26
Class revtex4 Info: Repairing broken LaTeX \@xbitor on input line 1610.
ltxgrid: portions licensed from W. E. Baxter (web@superscript.com)
\c@linecount=\count81
\output=\toks14
\@protection@box=\box27
\@topmark@saved=\toks15
\footins@saved=\box28
\pagesofar=\box29
\footbox=\box30
\pagegrid@col=\count82
Class revtex4 Info: Incorporating package {textcase}  [1998/11/12 v0.06 Text on
ly upper/lower case changing (DPC)]. on input line 3682.
(c:/texlive/2010/texmf-dist/tex/latex/url/url.sty
\Urlmuskip=\muskip10
Package: url 2006/04/12  ver 3.3  Verb mode for urls, etc.
)
\c@affil=\count83
\absbox=\box31
\c@part=\count84
\c@section=\count85
\c@subsection=\count86
\c@subsubsection=\count87
\c@paragraph=\count88
\c@subparagraph=\count89
\abovecaptionskip=\skip41
\belowcaptionskip=\skip42
\c@figure=\count90
\c@table=\count91

(c:/texlive/2010/texmf-dist/tex/latex/natbib/natbib.sty
Package: natbib 2010/09/13 8.31b (PWD, AO)
\bibhang=\skip43
\bibsep=\skip44
LaTeX Info: Redefining \cite on input line 694.
\c@NAT@ctr=\count92
)
\widetext@top=\box32
\widetext@bot=\box33

(c:/texlive/2010/texmf-dist/tex/latex/revtex4/revsymb.sty
Package: revsymb 2001/08/02 v4.0 (http://publish.aps.org/revtex4/ for documenta
tion)
LaTeX Info: Redefining \REV@mathfrak on input line 118.
))

Class revtex4 Warning: No Society specified, using generic APS style.

(c:/texlive/2010/texmf-dist/tex/latex/revtex4/aps.rtx
File: aps.rtx 2001/08/02 v4.0 (http://publish.aps.org/revtex4/ for documentatio
n)
)
(c:/texlive/2010/texmf-dist/tex/latex/revtex4/10pt.rtx
File: 10pt.rtx 2001/08/02 v4.0 (http://publish.aps.org/revtex4/ for documentati
on)
)
(c:/texlive/2010/texmf-dist/tex/latex/graphics/graphicx.sty
Package: graphicx 1999/02/16 v1.0f Enhanced LaTeX Graphics (DPC,SPQR)

(c:/texlive/2010/texmf-dist/tex/latex/graphics/keyval.sty
Package: keyval 1999/03/16 v1.13 key=value parser (DPC)
\KV@toks@=\toks16
)
(c:/texlive/2010/texmf-dist/tex/latex/graphics/graphics.sty
Package: graphics 2009/02/05 v1.0o Standard LaTeX Graphics (DPC,SPQR)

(c:/texlive/2010/texmf-dist/tex/latex/graphics/trig.sty
Package: trig 1999/03/16 v1.09 sin cos tan (DPC)
)
(c:/texlive/2010/texmf-dist/tex/latex/latexconfig/graphics.cfg
File: graphics.cfg 2010/04/23 v1.9 graphics configuration of TeX Live
)
Package graphics Info: Driver file: pdftex.def on input line 91.

(c:/texlive/2010/texmf-dist/tex/latex/pdftex-def/pdftex.def
File: pdftex.def 2011/05/18 v0.06c Graphics/color for pdfTeX

(c:/texlive/2010/texmf-dist/tex/generic/oberdiek/infwarerr.sty
Package: infwarerr 2010/04/08 v1.3 Providing info/warning/message (HO)
)
(c:/texlive/2010/texmf-dist/tex/generic/oberdiek/ltxcmds.sty
Package: ltxcmds 2011/04/18 v1.20 LaTeX kernel commands for general use (HO)
)
\Gread@gobject=\count93
))
\Gin@req@height=\dimen102
\Gin@req@width=\dimen103
)
(c:/texlive/2010/texmf-dist/tex/latex/oberdiek/epstopdf.sty
Package: epstopdf 2010/02/09 v2.5 Conversion with epstopdf on the fly (HO)

(c:/texlive/2010/texmf-dist/tex/latex/oberdiek/epstopdf-base.sty
Package: epstopdf-base 2010/02/09 v2.5 Base part for package epstopdf

(c:/texlive/2010/texmf-dist/tex/latex/oberdiek/grfext.sty
Package: grfext 2010/08/19 v1.1 Managing graphics extensions (HO)

(c:/texlive/2010/texmf-dist/tex/generic/oberdiek/kvdefinekeys.sty
Package: kvdefinekeys 2011/04/07 v1.3 Defining keys (HO)
))
(c:/texlive/2010/texmf-dist/tex/latex/oberdiek/kvoptions.sty
Package: kvoptions 2010/12/23 v3.10 Keyval support for LaTeX options (HO)

(c:/texlive/2010/texmf-dist/tex/generic/oberdiek/kvsetkeys.sty
Package: kvsetkeys 2011/04/07 v1.13 Key value parser (HO)

(c:/texlive/2010/texmf-dist/tex/generic/oberdiek/etexcmds.sty
Package: etexcmds 2011/02/16 v1.5 Prefix for e-TeX command names (HO)

(c:/texlive/2010/texmf-dist/tex/generic/oberdiek/ifluatex.sty
Package: ifluatex 2010/03/01 v1.3 Provides the ifluatex switch (HO)
Package ifluatex Info: LuaTeX not detected.
)
Package etexcmds Info: Could not find \expanded.
(etexcmds)             That can mean that you are not using pdfTeX 1.50 or
(etexcmds)             that some package has redefined \expanded.
(etexcmds)             In the latter case, load this package earlier.
)))
(c:/texlive/2010/texmf-dist/tex/generic/oberdiek/pdftexcmds.sty
Package: pdftexcmds 2011/04/22 v0.16 Utilities of pdfTeX for LuaTeX (HO)

(c:/texlive/2010/texmf-dist/tex/generic/oberdiek/ifpdf.sty
Package: ifpdf 2011/01/30 v2.3 Provides the ifpdf switch (HO)
Package ifpdf Info: pdfTeX in PDF mode is detected.
)
Package pdftexcmds Info: LuaTeX not detected.
Package pdftexcmds Info: \pdf@primitive is available.
Package pdftexcmds Info: \pdf@ifprimitive is available.
Package pdftexcmds Info: \pdfdraftmode found.
)
Package grfext Info: Graphics extension search list:
(grfext)             [.png,.pdf,.jpg,.mps,.jpeg,.jbig2,.jb2,.PNG,.PDF,.JPG,.JPE
G,.JBIG2,.JB2,.eps]
(grfext)             \AppendGraphicsExtensions on input line 452.

(c:/texlive/2010/texmf-dist/tex/latex/latexconfig/epstopdf-sys.cfg
File: epstopdf-sys.cfg 2010/07/13 v1.3 Configuration of (r)epstopdf for TeX Liv
e
)))
(c:/texlive/2010/texmf-dist/tex/latex/amsmath/amsmath.sty
Package: amsmath 2000/07/18 v2.13 AMS math features
\@mathmargin=\skip45

For additional information on amsmath, use the `?' option.
(c:/texlive/2010/texmf-dist/tex/latex/amsmath/amstext.sty
Package: amstext 2000/06/29 v2.01

(c:/texlive/2010/texmf-dist/tex/latex/amsmath/amsgen.sty
File: amsgen.sty 1999/11/30 v2.0
\@emptytoks=\toks17
\ex@=\dimen104
))
(c:/texlive/2010/texmf-dist/tex/latex/amsmath/amsbsy.sty
Package: amsbsy 1999/11/29 v1.2d
\pmbraise@=\dimen105
)
(c:/texlive/2010/texmf-dist/tex/latex/amsmath/amsopn.sty
Package: amsopn 1999/12/14 v2.01 operator names
)
\inf@bad=\count94
LaTeX Info: Redefining \frac on input line 211.
\uproot@=\count95
\leftroot@=\count96
LaTeX Info: Redefining \overline on input line 307.
\classnum@=\count97
\DOTSCASE@=\count98
LaTeX Info: Redefining \ldots on input line 379.
LaTeX Info: Redefining \dots on input line 382.
LaTeX Info: Redefining \cdots on input line 467.
\Mathstrutbox@=\box34
\strutbox@=\box35
\big@size=\dimen106
LaTeX Font Info:    Redeclaring font encoding OML on input line 567.
LaTeX Font Info:    Redeclaring font encoding OMS on input line 568.
\macc@depth=\count99
\c@MaxMatrixCols=\count100
\dotsspace@=\muskip11
\c@parentequation=\count101
\dspbrk@lvl=\count102
\tag@help=\toks18
\row@=\count103
\column@=\count104
\maxfields@=\count105
\andhelp@=\toks19
\eqnshift@=\dimen107
\alignsep@=\dimen108
\tagshift@=\dimen109
\tagwidth@=\dimen110
\totwidth@=\dimen111
\lineht@=\dimen112
\@envbody=\toks20
\multlinegap=\skip46
\multlinetaggap=\skip47
\mathdisplay@stack=\toks21
LaTeX Info: Redefining \[ on input line 2666.
LaTeX Info: Redefining \] on input line 2667.
)
(c:/texlive/2010/texmf-dist/tex/latex/booktabs/booktabs.sty
Package: booktabs 2005/04/14 v1.61803 publication quality tables
\heavyrulewidth=\dimen113
\lightrulewidth=\dimen114
\cmidrulewidth=\dimen115
\belowrulesep=\dimen116
\belowbottomsep=\dimen117
\aboverulesep=\dimen118
\abovetopsep=\dimen119
\cmidrulesep=\dimen120
\cmidrulekern=\dimen121
\defaultaddspace=\dimen122
\@cmidla=\count106
\@cmidlb=\count107
\@aboverulesep=\dimen123
\@belowrulesep=\dimen124
\@thisruleclass=\count108
\@lastruleclass=\count109
\@thisrulewidth=\dimen125
)
(c:/texlive/2010/texmf-dist/tex/latex/graphics/color.sty
Package: color 2005/11/14 v1.0j Standard LaTeX Color (DPC)

(c:/texlive/2010/texmf-dist/tex/latex/latexconfig/color.cfg
File: color.cfg 2007/01/18 v1.5 color configuration of teTeX/TeXLive
)
Package color Info: Driver file: pdftex.def on input line 130.
)
(c:/texlive/2010/texmf-dist/tex/latex/multirow/multirow.sty
\bigstrutjot=\dimen126
) (./report_f.aux)
\openout1 = `report_f.aux'.

LaTeX Font Info:    Checking defaults for OML/cmm/m/it on input line 12.
LaTeX Font Info:    ... okay on input line 12.
LaTeX Font Info:    Checking defaults for T1/cmr/m/n on input line 12.
LaTeX Font Info:    ... okay on input line 12.
LaTeX Font Info:    Checking defaults for OT1/cmr/m/n on input line 12.
LaTeX Font Info:    ... okay on input line 12.
LaTeX Font Info:    Checking defaults for OMS/cmsy/m/n on input line 12.
LaTeX Font Info:    ... okay on input line 12.
LaTeX Font Info:    Checking defaults for OMX/cmex/m/n on input line 12.
LaTeX Font Info:    ... okay on input line 12.
LaTeX Font Info:    Checking defaults for U/cmr/m/n on input line 12.
LaTeX Font Info:    ... okay on input line 12.
Class revtex4 Info: Patching LaTeX tabular. on input line 12.
Class revtex4 Info: cite was not loaded (OK!) on input line 12.
Class revtex4 Info: multicol was not loaded (OK!) on input line 12.

(c:/texlive/2010/texmf-dist/tex/context/base/supp-pdf.mkii
[Loading MPS to PDF converter (version 2006.09.02).]
\scratchcounter=\count110
\scratchdimen=\dimen127
\scratchbox=\box36
\nofMPsegments=\count111
\nofMParguments=\count112
\everyMPshowfont=\toks22
\MPscratchCnt=\count113
\MPscratchDim=\dimen128
\MPnumerator=\count114
\everyMPtoPDFconversion=\toks23
)
Missing character: There is no Ã in font cmr8!
Missing character: There is no © in font cmr8!
Missing character: There is no Ã in font cmr8!
Missing character: There is no © in font cmr8!

Underfull \hbox (badness 10000) in paragraph at lines 42--42
$[]$[]\OT1/cmr/m/n/8 Electronic ad-dress: $\OT1/cmtt/m/n/8 mathieu . leocmach @
 polytechnique . org$\OT1/cmr/m/n/8 ;
 []

[1{c:/texlive/2010/texmf-var/fonts/map/pdftex/updmap/pdftex.map}]
Underfull \hbox (badness 1221) in paragraph at lines 116--129
[]\OT1/cmr/m/n/10 To study many-body cor-re-la-tions we use the lo-
 []

[2]
Missing character: There is no â in font cmr10!
Missing character: There is no € in font cmr10!
Missing character: There is no ™ in font cmr10!
 [3] <fig_eos.pdf, id=34, 231.70064pt x 107.56686pt>
File: fig_eos.pdf Graphic file (type pdf)
 <use fig_eos.pdf>
Package pdftex.def Info: fig_eos.pdf used on input line 205.
(pdftex.def)             Requested size: 231.70006pt x 107.56659pt.

<fig_distrib.pdf, id=35, 245.0736pt x 351.3426pt>
File: fig_distrib.pdf Graphic file (type pdf)
 <use fig_distrib.pdf>
Package pdftex.def Info: fig_distrib.pdf used on input line 224.
(pdftex.def)             Requested size: 245.07298pt x 351.34175pt.

[4 <./fig_eos.pdf> <./fig_distrib.pdf>]
<fig_f2decoupling.pdf, id=90, 236.22353pt x 150.79938pt>
File: fig_f2decoupling.pdf Graphic file (type pdf)

<use fig_f2decoupling.pdf>
Package pdftex.def Info: fig_f2decoupling.pdf used on input line 238.
(pdftex.def)             Requested size: 236.22295pt x 150.799pt.

<fig_structurefactor.pdf, id=91, 218.40796pt x 176.00255pt>
File: fig_structurefactor.pdf Graphic file (type pdf)

<use fig_structurefactor.pdf>
Package pdftex.def Info: fig_structurefactor.pdf used on input line 267.
(pdftex.def)             Requested size: 218.40742pt x 176.0021pt.

<fig_lengths.pdf, id=92, 230.98195pt x 291.58836pt>
File: fig_lengths.pdf Graphic file (type pdf)
 <use fig_lengths.pdf>
Package pdftex.def Info: fig_lengths.pdf used on input line 275.
(pdftex.def)             Requested size: 230.98137pt x 291.58763pt.

<fig_3D.pdf, id=93, 239.89626pt x 396.78236pt>
File: fig_3D.pdf Graphic file (type pdf)
 <use fig_3D.pdf>
Package pdftex.def Info: fig_3D.pdf used on input line 283.
(pdftex.def)             Requested size: 239.89566pt x 396.78139pt.
 [5 <./fig_f2decoupling.pdf> <./fig_structurefactor.pdf>]

LaTeX Warning: A float is stuck (cannot be placed); try class option [floatfix]
 on input line 307.

[6 <./fig_lengths.pdf> <./fig_3D.pdf>]
<fig_polydistrib.pdf, id=177, 238.36955pt x 275.88571pt>
File: fig_polydistrib.pdf Graphic file (type pdf)

<use fig_polydistrib.pdf>
Package pdftex.def Info: fig_polydistrib.pdf used on input line 326.
(pdftex.def)             Requested size: 238.36896pt x 275.88504pt.
 <fig_Cmaps.pdf, id=178, 244.2726pt x 144.25392pt>
File: fig_Cmaps.pdf Graphic file (type pdf)

<use fig_Cmaps.pdf>
Package pdftex.def Info: fig_Cmaps.pdf used on input line 346.
(pdftex.def)             Requested size: 244.272pt x 144.25356pt.
 <fig_lengthpoly.pdf, id=179, 225.55968pt x 113.31534pt>
File: fig_lengthpoly.pdf Graphic file (type pdf)

<use fig_lengthpoly.pdf>
Package pdftex.def Info: fig_lengthpoly.pdf used on input line 362.
(pdftex.def)             Requested size: 225.55911pt x 113.31505pt.
 [7 <./fig_polydistrib.pdf> <./fig_Cmaps.pdf> <./fig_lengthpoly.pdf>] <fig_stab
ility_map.pdf, id=247, 241.41995pt x 105.191pt>
File: fig_stability_map.pdf Graphic file (type pdf)

<use fig_stability_map.pdf>
Package pdftex.def Info: fig_stability_map.pdf used on input line 383.
(pdftex.def)             Requested size: 241.41936pt x 105.19073pt.
 [8 <./fig_stability_map.pdf>] (./report_f.bbl
Overfull \vbox (1.18056pt too high) has occurred while \output is active []


Underfull \hbox (badness 1917) in paragraph at lines 26--39
 \OT1/cmr/m/n/9 bowski, K. Kamin-ski, L. Hawelek, D. Za-kowiecki,
 []


Overfull \vbox (1.18056pt too high) has occurred while \output is active []


[9]
Underfull \hbox (badness 10000) in paragraph at lines 41--45
 \OT1/cmr/m/n/9 URL $\OT1/cmtt/m/n/9 http : / / linkinghub . elsevier . com / r
etrieve /
 []


Underfull \hbox (badness 1490) in paragraph at lines 60--68
 []\OT1/cmr/m/n/9 C. Do-nati, S. C. Glotzer, P. H. Poole, W. Kob,
 []


Underfull \hbox (badness 1259) in paragraph at lines 108--117
 \OT1/cmr/m/n/9 1745-2473, URL $\OT1/cmtt/m/n/9 http : / / www . nature . com /
 doifinder /
 []


Underfull \hbox (badness 1577) in paragraph at lines 135--144
 \OT1/cmr/m/n/9 Phys. Rev. Lett. \OT1/cmr/bx/n/9 107\OT1/cmr/m/n/9 , 125501 (20
11), ISSN 0031-
 []


Underfull \hbox (badness 1325) in paragraph at lines 135--144
 \OT1/cmr/m/n/9 9007, 1108.2210, URL $\OT1/cmtt/m/n/9 http : / / arxiv . org / 
abs / 1108 .
 []


Underfull \hbox (badness 10000) in paragraph at lines 135--144
 \OT1/cmtt/m/n/9 2210http : / / link . aps . org / doi / 10 . 1103 / PhysRevLet
t .
 []


Underfull \hbox (badness 1259) in paragraph at lines 165--170
 \OT1/cmr/m/n/9 1539-3755, URL $\OT1/cmtt/m/n/9 http : / / link . aps . org / d
oi / 10 . 1103 /
 []


Underfull \hbox (badness 3118) in paragraph at lines 227--232
 []\OT1/cmr/m/n/9 T. Aste and A. Coniglio, EPL \OT1/cmr/bx/n/9 67\OT1/cmr/m/n/9
 , 165 (2004),
 []


Underfull \hbox (badness 10000) in paragraph at lines 227--232
 \OT1/cmr/m/n/9 ISSN 0295-5075, URL $\OT1/cmtt/m/n/9 http : / / stacks . iop .
 []


Underfull \hbox (badness 10000) in paragraph at lines 227--232
 \OT1/cmtt/m/n/9 org / 0295-[]5075 / 67 / i = 2 / a = 165 ? key = crossref .
 []

) [10] (./report_f.aux) ) 
Here is how much of TeX's memory you used:
 4010 strings out of 493763
 53241 string characters out of 3148267
 180228 words of memory out of 3000000
 7245 multiletter control sequences out of 15000+200000
 11633 words of font info for 42 fonts, out of 3000000 for 9000
 715 hyphenation exceptions out of 8191
 42i,14n,24p,986b,361s stack positions out of 5000i,500n,10000p,200000b,50000s
<c:/texlive/2010/texmf-dist/fonts/type1/public/amsfont
s/cm/cmbx10.pfb><c:/texlive/2010/texmf-dist/fonts/type1/public/amsfonts/cm/cmbx
12.pfb><c:/texlive/2010/texmf-dist/fonts/type1/public/amsfonts/cm/cmbx7.pfb><c:
/texlive/2010/texmf-dist/fonts/type1/public/amsfonts/cm/cmbx9.pfb><c:/texlive/2
010/texmf-dist/fonts/type1/public/amsfonts/cm/cmcsc10.pfb><c:/texlive/2010/texm
f-dist/fonts/type1/public/amsfonts/cm/cmex10.pfb><c:/texlive/2010/texmf-dist/fo
nts/type1/public/amsfonts/cm/cmmi10.pfb><c:/texlive/2010/texmf-dist/fonts/type1
/public/amsfonts/cm/cmmi5.pfb><c:/texlive/2010/texmf-dist/fonts/type1/public/am
sfonts/cm/cmmi6.pfb><c:/texlive/2010/texmf-dist/fonts/type1/public/amsfonts/cm/
cmmi7.pfb><c:/texlive/2010/texmf-dist/fonts/type1/public/amsfonts/cm/cmmi8.pfb>
<c:/texlive/2010/texmf-dist/fonts/type1/public/amsfonts/cm/cmmi9.pfb><c:/texliv
e/2010/texmf-dist/fonts/type1/public/amsfonts/cm/cmr10.pfb><c:/texlive/2010/tex
mf-dist/fonts/type1/public/amsfonts/cm/cmr5.pfb><c:/texlive/2010/texmf-dist/fon
ts/type1/public/amsfonts/cm/cmr6.pfb><c:/texlive/2010/texmf-dist/fonts/type1/pu
blic/amsfonts/cm/cmr7.pfb><c:/texlive/2010/texmf-dist/fonts/type1/public/amsfon
ts/cm/cmr8.pfb><c:/texlive/2010/texmf-dist/fonts/type1/public/amsfonts/cm/cmr9.
pfb><c:/texlive/2010/texmf-dist/fonts/type1/public/amsfonts/cm/cmsy10.pfb><c:/t
exlive/2010/texmf-dist/fonts/type1/public/amsfonts/cm/cmsy6.pfb><c:/texlive/201
0/texmf-dist/fonts/type1/public/amsfonts/cm/cmsy7.pfb><c:/texlive/2010/texmf-di
st/fonts/type1/public/amsfonts/cm/cmsy8.pfb><c:/texlive/2010/texmf-dist/fonts/t
ype1/public/amsfonts/cm/cmti10.pfb><c:/texlive/2010/texmf-dist/fonts/type1/publ
ic/amsfonts/cm/cmti7.pfb><c:/texlive/2010/texmf-dist/fonts/type1/public/amsfont
s/cm/cmti9.pfb><c:/texlive/2010/texmf-dist/fonts/type1/public/amsfonts/cm/cmtt8
.pfb><c:/texlive/2010/texmf-dist/fonts/type1/public/amsfonts/cm/cmtt9.pfb>
Output written on report_f.pdf (10 pages, 626060 bytes).
PDF statistics:
 348 PDF objects out of 1000 (max. 8388607)
 285 compressed objects within 3 object streams
 0 named destinations out of 1000 (max. 500000)
 51 words of extra memory for PDF output out of 10000 (max. 10000000)

